TN:
SF:/home/travis/build/zordius/gulp-jsx-coverage/test/Component.jsx
FN:4,(anonymous_0)
FN:7,(anonymous_1)
FNF:2
FNH:1
FNDA:0,(anonymous_0)
FNDA:1,(anonymous_1)
DA:1,1
DA:2,1
DA:5,0
DA:8,1
LF:4
LH:3
BRF:0
BRH:0
end_of_record
TN:
SF:/home/travis/build/zordius/gulp-jsx-coverage/test/target.js
FN:4,(anonymous_0)
FN:7,(anonymous_1)
FN:10,(anonymous_2)
FNF:3
FNH:2
FNDA:3,(anonymous_0)
FNDA:0,(anonymous_1)
FNDA:1,(anonymous_2)
DA:1,1
DA:3,1
DA:5,3
DA:8,0
DA:11,1
LF:5
LH:4
BRF:0
BRH:0
end_of_record
TN:
SF:/home/travis/build/zordius/gulp-jsx-coverage/test/testlib.js
FN:6,(anonymous_0)
FN:9,(anonymous_1)
FN:12,(anonymous_2)
FNF:3
FNH:3
FNDA:1,(anonymous_0)
FNDA:1,(anonymous_1)
FNDA:2,(anonymous_2)
DA:1,1
DA:2,1
DA:3,1
DA:5,1
DA:7,1
DA:9,1
DA:14,2
DA:15,2
DA:16,2
DA:17,2
DA:18,2
DA:22,1
LF:12
LH:12
BRF:0
BRH:0
end_of_record
