{
"/Users/zordius/gulp-jsx-coverage/test/test1.js":{"path":"/Users/zordius/gulp-jsx-coverage/test/test1.js","s":{"1":1,"2":1,"3":1,"4":1,"5":1,"6":1},"b":{},"f":{"1":1,"2":1},"fnMap":{"1":{"name":"(anonymous_1)","line":6,"loc":{"start":{"line":6,"column":30},"end":{"line":6,"column":42}}},"2":{"name":"(anonymous_2)","line":7,"loc":{"start":{"line":7,"column":25},"end":{"line":7,"column":41}}}},"statementMap":{"1":{"start":{"line":3,"column":0},"end":{"line":4,"column":33}},"2":{"start":{"line":6,"column":0},"end":{"line":12,"column":3}},"3":{"start":{"line":7,"column":4},"end":{"line":11,"column":7}},"4":{"start":{"line":8,"column":8},"end":{"line":8,"column":44}},"5":{"start":{"line":9,"column":8},"end":{"line":9,"column":44}},"6":{"start":{"line":10,"column":8},"end":{"line":10,"column":15}}},"branchMap":{},"l":{"3":1,"6":1,"7":1,"8":1,"9":1,"10":1}},
"/Users/zordius/gulp-jsx-coverage/test/target.js":{"path":"/Users/zordius/gulp-jsx-coverage/test/target.js","s":{"1":1,"2":3,"3":0},"b":{},"f":{"1":3,"2":0},"fnMap":{"1":{"name":"(anonymous_1)","line":2,"loc":{"start":{"line":2,"column":11},"end":{"line":2,"column":27}}},"2":{"name":"(anonymous_2)","line":5,"loc":{"start":{"line":5,"column":9},"end":{"line":5,"column":25}}}},"statementMap":{"1":{"start":{"line":1,"column":0},"end":{"line":9,"column":0}},"2":{"start":{"line":3,"column":8},"end":{"line":3,"column":21}},"3":{"start":{"line":6,"column":8},"end":{"line":6,"column":21}}},"branchMap":{},"l":{"1":1,"3":3,"6":0}},
"/Users/zordius/gulp-jsx-coverage/test/test2.jsx":{"path":"/Users/zordius/gulp-jsx-coverage/test/test2.jsx","s":{"1":1,"2":1,"3":1,"4":1,"5":1,"6":1,"7":1,"8":1,"9":1,"10":1,"11":1,"12":1,"13":1,"14":1,"15":0},"b":{},"f":{"1":1,"2":1,"3":1,"4":1,"5":1,"6":0},"fnMap":{"1":{"name":"(anonymous_1)","line":10,"loc":{"start":{"line":10,"column":15},"end":{"line":10,"column":39}}},"2":{"name":"(anonymous_2)","line":13,"loc":{"start":{"line":13,"column":20},"end":{"line":13,"column":32}}},"3":{"name":"(anonymous_3)","line":16,"loc":{"start":{"line":16,"column":21},"end":{"line":16,"column":54}}},"4":{"name":"(anonymous_4)","line":25,"loc":{"start":{"line":25,"column":22},"end":{"line":25,"column":34}}},"5":{"name":"(anonymous_5)","line":26,"loc":{"start":{"line":26,"column":25},"end":{"line":26,"column":37}}},"6":{"name":"(anonymous_6)","line":37,"loc":{"start":{"line":37,"column":34},"end":{"line":37,"column":46}}}},"statementMap":{"1":{"start":{"line":3,"column":0},"end":{"line":23,"column":2}},"2":{"start":{"line":11,"column":8},"end":{"line":14,"column":32}},"3":{"start":{"line":13,"column":33},"end":{"line":13,"column":44}},"4":{"start":{"line":17,"column":8},"end":{"line":17,"column":21}},"5":{"start":{"line":18,"column":8},"end":{"line":18,"column":77}},"6":{"start":{"line":19,"column":8},"end":{"line":19,"column":46}},"7":{"start":{"line":20,"column":8},"end":{"line":20,"column":83}},"8":{"start":{"line":21,"column":8},"end":{"line":21,"column":72}},"9":{"start":{"line":25,"column":0},"end":{"line":40,"column":3}},"10":{"start":{"line":26,"column":4},"end":{"line":35,"column":7}},"11":{"start":{"line":27,"column":8},"end":{"line":31,"column":11}},"12":{"start":{"line":33,"column":8},"end":{"line":33,"column":79}},"13":{"start":{"line":34,"column":8},"end":{"line":34,"column":76}},"14":{"start":{"line":37,"column":4},"end":{"line":39,"column":7}},"15":{"start":{"line":38,"column":8},"end":{"line":38,"column":39}}},"branchMap":{},"l":{"3":1,"11":1,"13":1,"17":1,"18":1,"19":1,"20":1,"21":1,"25":1,"26":1,"27":1,"33":1,"34":1,"37":1,"38":0}},
"/Users/zordius/gulp-jsx-coverage/test/test3.coffee":{"path":"/Users/zordius/gulp-jsx-coverage/test/test3.coffee","s":{"1":1,"2":1,"3":1,"4":1,"5":1,"6":1,"7":1,"8":1,"9":0,"10":1,"11":0,"12":0},"b":{"1":[0,1]},"f":{"1":1,"2":1,"3":1,"4":0},"fnMap":{"1":{"name":"(anonymous_1)","line":1,"loc":{"start":{"line":1,"column":1},"end":{"line":1,"column":12}}},"2":{"name":"(anonymous_2)","line":6,"loc":{"start":{"line":6,"column":38},"end":{"line":6,"column":49}}},"3":{"name":"(anonymous_3)","line":7,"loc":{"start":{"line":7,"column":28},"end":{"line":7,"column":39}}},"4":{"name":"(anonymous_4)","line":14,"loc":{"start":{"line":14,"column":45},"end":{"line":14,"column":56}}}},"statementMap":{"1":{"start":{"line":1,"column":0},"end":{"line":20,"column":14}},"2":{"start":{"line":2,"column":2},"end":{"line":2,"column":12}},"3":{"start":{"line":4,"column":2},"end":{"line":4,"column":27}},"4":{"start":{"line":6,"column":2},"end":{"line":18,"column":5}},"5":{"start":{"line":7,"column":4},"end":{"line":13,"column":7}},"6":{"start":{"line":8,"column":6},"end":{"line":8,"column":26}},"7":{"start":{"line":9,"column":6},"end":{"line":9,"column":16}},"8":{"start":{"line":10,"column":6},"end":{"line":12,"column":7}},"9":{"start":{"line":11,"column":8},"end":{"line":11,"column":28}},"10":{"start":{"line":14,"column":4},"end":{"line":17,"column":7}},"11":{"start":{"line":15,"column":6},"end":{"line":15,"column":16}},"12":{"start":{"line":16,"column":6},"end":{"line":16,"column":23}}},"branchMap":{"1":{"line":10,"type":"if","locations":[{"start":{"line":10,"column":6},"end":{"line":10,"column":6}},{"start":{"line":10,"column":6},"end":{"line":10,"column":6}}]}},"l":{"1":1,"2":1,"4":1,"6":1,"7":1,"8":1,"9":1,"10":1,"11":0,"14":1,"15":0,"16":0}}}
